<?xml version="1.0" encoding="UTF-8"?>
<!-- Generated by org.testng.reporters.JUnitReportReporter -->
<testsuite hostname="LAPTOP-3S1P4PI2" failures="0" tests="1" name="j08_TestNG" time="30.213" errors="0" timestamp="2020-09-26T10:17:38 EDT" skipped="0">
  <testcase classname="j08_TestNG" name="TC03" time="30.213"/>
  <system-out/>
</testsuite> <!-- j08_TestNG -->
